[2025-09-21T14:39:39.668+0000] {local_task_job_runner.py:120} INFO - ::group::Pre task execution logs
[2025-09-21T14:39:39.703+0000] {taskinstance.py:2076} INFO - Dependencies all met for dep_context=non-requeueable deps ti=<TaskInstance: iot_streaming_pipeline.log_pipeline_start manual__2025-09-21T14:39:36.357028+00:00 [queued]>
[2025-09-21T14:39:39.710+0000] {taskinstance.py:2076} INFO - Dependencies all met for dep_context=requeueable deps ti=<TaskInstance: iot_streaming_pipeline.log_pipeline_start manual__2025-09-21T14:39:36.357028+00:00 [queued]>
[2025-09-21T14:39:39.711+0000] {taskinstance.py:2306} INFO - Starting attempt 1 of 4
[2025-09-21T14:39:39.719+0000] {taskinstance.py:2330} INFO - Executing <Task(PythonOperator): log_pipeline_start> on 2025-09-21 14:39:36.357028+00:00
[2025-09-21T14:39:39.725+0000] {standard_task_runner.py:63} INFO - Started process 279 to run task
[2025-09-21T14:39:39.731+0000] {standard_task_runner.py:90} INFO - Running: ['***', 'tasks', 'run', 'iot_streaming_pipeline', 'log_pipeline_start', 'manual__2025-09-21T14:39:36.357028+00:00', '--job-id', '65', '--raw', '--subdir', 'DAGS_FOLDER/iot_pipeline_dag.py', '--cfg-path', '/tmp/tmpkhx_l2g1']
[2025-09-21T14:39:39.734+0000] {standard_task_runner.py:91} INFO - Job 65: Subtask log_pipeline_start
[2025-09-21T14:39:39.777+0000] {logging_mixin.py:188} WARNING - /home/***/.local/lib/python3.12/site-packages/***/settings.py:195 DeprecationWarning: The sql_alchemy_conn option in [core] has been moved to the sql_alchemy_conn option in [database] - the old setting has been used, but please update your config.
[2025-09-21T14:39:39.816+0000] {task_command.py:426} INFO - Running <TaskInstance: iot_streaming_pipeline.log_pipeline_start manual__2025-09-21T14:39:36.357028+00:00 [running]> on host b51589c8d8d9
[2025-09-21T14:39:40.013+0000] {taskinstance.py:2648} INFO - Exporting env vars: AIRFLOW_CTX_DAG_OWNER='***' AIRFLOW_CTX_DAG_ID='iot_streaming_pipeline' AIRFLOW_CTX_TASK_ID='log_pipeline_start' AIRFLOW_CTX_EXECUTION_DATE='2025-09-21T14:39:36.357028+00:00' AIRFLOW_CTX_TRY_NUMBER='1' AIRFLOW_CTX_DAG_RUN_ID='manual__2025-09-21T14:39:36.357028+00:00'
[2025-09-21T14:39:40.015+0000] {taskinstance.py:430} INFO - ::endgroup::
[2025-09-21T14:39:40.290+0000] {iot_pipeline_dag.py:37} INFO - 🚀 Starting AQI IoT Streaming Pipeline
[2025-09-21T14:39:40.291+0000] {iot_pipeline_dag.py:38} INFO - Run ID: manual__2025-09-21T14:39:36.357028+00:00
[2025-09-21T14:39:40.291+0000] {python.py:237} INFO - Done. Returned value was: None
[2025-09-21T14:39:40.291+0000] {taskinstance.py:441} INFO - ::group::Post task execution logs
[2025-09-21T14:39:40.300+0000] {taskinstance.py:1206} INFO - Marking task as SUCCESS. dag_id=iot_streaming_pipeline, task_id=log_pipeline_start, run_id=manual__2025-09-21T14:39:36.357028+00:00, execution_date=20250921T143936, start_date=20250921T143939, end_date=20250921T143940
[2025-09-21T14:39:40.331+0000] {local_task_job_runner.py:240} INFO - Task exited with return code 0
[2025-09-21T14:39:40.349+0000] {taskinstance.py:3503} INFO - 1 downstream tasks scheduled from follow-on schedule check
[2025-09-21T14:39:40.350+0000] {local_task_job_runner.py:222} INFO - ::endgroup::
