[2025-09-21T14:32:30.496+0000] {local_task_job_runner.py:120} INFO - ::group::Pre task execution logs
[2025-09-21T14:32:30.518+0000] {taskinstance.py:2076} INFO - Dependencies all met for dep_context=non-requeueable deps ti=<TaskInstance: iot_streaming_pipeline.log_pipeline_end manual__2025-09-21T14:32:16.050854+00:00 [queued]>
[2025-09-21T14:32:30.523+0000] {taskinstance.py:2076} INFO - Dependencies all met for dep_context=requeueable deps ti=<TaskInstance: iot_streaming_pipeline.log_pipeline_end manual__2025-09-21T14:32:16.050854+00:00 [queued]>
[2025-09-21T14:32:30.523+0000] {taskinstance.py:2306} INFO - Starting attempt 1 of 4
[2025-09-21T14:32:30.531+0000] {taskinstance.py:2330} INFO - Executing <Task(PythonOperator): log_pipeline_end> on 2025-09-21 14:32:16.050854+00:00
[2025-09-21T14:32:30.535+0000] {standard_task_runner.py:63} INFO - Started process 254 to run task
[2025-09-21T14:32:30.538+0000] {standard_task_runner.py:90} INFO - Running: ['***', 'tasks', 'run', 'iot_streaming_pipeline', 'log_pipeline_end', 'manual__2025-09-21T14:32:16.050854+00:00', '--job-id', '64', '--raw', '--subdir', 'DAGS_FOLDER/iot_pipeline_dag.py', '--cfg-path', '/tmp/tmptw7jp_ac']
[2025-09-21T14:32:30.540+0000] {standard_task_runner.py:91} INFO - Job 64: Subtask log_pipeline_end
[2025-09-21T14:32:30.552+0000] {logging_mixin.py:188} WARNING - /home/***/.local/lib/python3.12/site-packages/***/settings.py:195 DeprecationWarning: The sql_alchemy_conn option in [core] has been moved to the sql_alchemy_conn option in [database] - the old setting has been used, but please update your config.
[2025-09-21T14:32:30.573+0000] {task_command.py:426} INFO - Running <TaskInstance: iot_streaming_pipeline.log_pipeline_end manual__2025-09-21T14:32:16.050854+00:00 [running]> on host b51589c8d8d9
[2025-09-21T14:32:30.628+0000] {taskinstance.py:2648} INFO - Exporting env vars: AIRFLOW_CTX_DAG_OWNER='***' AIRFLOW_CTX_DAG_ID='iot_streaming_pipeline' AIRFLOW_CTX_TASK_ID='log_pipeline_end' AIRFLOW_CTX_EXECUTION_DATE='2025-09-21T14:32:16.050854+00:00' AIRFLOW_CTX_TRY_NUMBER='1' AIRFLOW_CTX_DAG_RUN_ID='manual__2025-09-21T14:32:16.050854+00:00'
[2025-09-21T14:32:30.629+0000] {taskinstance.py:430} INFO - ::endgroup::
[2025-09-21T14:32:30.755+0000] {iot_pipeline_dag.py:129} INFO - ✅ AQI IoT Streaming Pipeline completed successfully
[2025-09-21T14:32:30.755+0000] {iot_pipeline_dag.py:130} INFO - Run ID: manual__2025-09-21T14:32:16.050854+00:00
[2025-09-21T14:32:30.756+0000] {python.py:237} INFO - Done. Returned value was: None
[2025-09-21T14:32:30.756+0000] {taskinstance.py:441} INFO - ::group::Post task execution logs
[2025-09-21T14:32:30.768+0000] {taskinstance.py:1206} INFO - Marking task as SUCCESS. dag_id=iot_streaming_pipeline, task_id=log_pipeline_end, run_id=manual__2025-09-21T14:32:16.050854+00:00, execution_date=20250921T143216, start_date=20250921T143230, end_date=20250921T143230
[2025-09-21T14:32:30.801+0000] {local_task_job_runner.py:240} INFO - Task exited with return code 0
[2025-09-21T14:32:30.813+0000] {taskinstance.py:3503} INFO - 0 downstream tasks scheduled from follow-on schedule check
[2025-09-21T14:32:30.814+0000] {local_task_job_runner.py:222} INFO - ::endgroup::
