[2025-09-21T17:03:37.701+0000] {local_task_job_runner.py:120} INFO - ::group::Pre task execution logs
[2025-09-21T17:03:37.720+0000] {taskinstance.py:2076} INFO - Dependencies all met for dep_context=non-requeueable deps ti=<TaskInstance: iot_streaming_pipeline.check_services manual__2025-09-21T17:03:31.266559+00:00 [queued]>
[2025-09-21T17:03:37.725+0000] {taskinstance.py:2076} INFO - Dependencies all met for dep_context=requeueable deps ti=<TaskInstance: iot_streaming_pipeline.check_services manual__2025-09-21T17:03:31.266559+00:00 [queued]>
[2025-09-21T17:03:37.725+0000] {taskinstance.py:2306} INFO - Starting attempt 1 of 4
[2025-09-21T17:03:37.732+0000] {taskinstance.py:2330} INFO - Executing <Task(PythonOperator): check_services> on 2025-09-21 17:03:31.266559+00:00
[2025-09-21T17:03:37.736+0000] {standard_task_runner.py:63} INFO - Started process 1091 to run task
[2025-09-21T17:03:37.738+0000] {standard_task_runner.py:90} INFO - Running: ['***', 'tasks', 'run', 'iot_streaming_pipeline', 'check_services', 'manual__2025-09-21T17:03:31.266559+00:00', '--job-id', '111', '--raw', '--subdir', 'DAGS_FOLDER/iot_pipeline_dag.py', '--cfg-path', '/tmp/tmpf_l0x212']
[2025-09-21T17:03:37.740+0000] {standard_task_runner.py:91} INFO - Job 111: Subtask check_services
[2025-09-21T17:03:37.750+0000] {logging_mixin.py:188} WARNING - /home/***/.local/lib/python3.12/site-packages/***/settings.py:195 DeprecationWarning: The sql_alchemy_conn option in [core] has been moved to the sql_alchemy_conn option in [database] - the old setting has been used, but please update your config.
[2025-09-21T17:03:37.772+0000] {task_command.py:426} INFO - Running <TaskInstance: iot_streaming_pipeline.check_services manual__2025-09-21T17:03:31.266559+00:00 [running]> on host b51589c8d8d9
[2025-09-21T17:03:37.827+0000] {taskinstance.py:2648} INFO - Exporting env vars: AIRFLOW_CTX_DAG_OWNER='***' AIRFLOW_CTX_DAG_ID='iot_streaming_pipeline' AIRFLOW_CTX_TASK_ID='check_services' AIRFLOW_CTX_EXECUTION_DATE='2025-09-21T17:03:31.266559+00:00' AIRFLOW_CTX_TRY_NUMBER='1' AIRFLOW_CTX_DAG_RUN_ID='manual__2025-09-21T17:03:31.266559+00:00'
[2025-09-21T17:03:37.828+0000] {taskinstance.py:430} INFO - ::endgroup::
[2025-09-21T17:03:37.928+0000] {iot_pipeline_dag.py:65} INFO - ✅ kafka service is running on kafka:9092
[2025-09-21T17:03:37.929+0000] {iot_pipeline_dag.py:65} INFO - ✅ main-postgres service is running on postgres:5432
[2025-09-21T17:03:37.930+0000] {iot_pipeline_dag.py:65} INFO - ✅ spark-master service is running on spark-master:7077
[2025-09-21T17:03:37.930+0000] {iot_pipeline_dag.py:65} INFO - ✅ ***-postgres service is running on ***-postgres:5432
[2025-09-21T17:03:37.931+0000] {python.py:237} INFO - Done. Returned value was: True
[2025-09-21T17:03:37.932+0000] {taskinstance.py:441} INFO - ::group::Post task execution logs
[2025-09-21T17:03:37.949+0000] {taskinstance.py:1206} INFO - Marking task as SUCCESS. dag_id=iot_streaming_pipeline, task_id=check_services, run_id=manual__2025-09-21T17:03:31.266559+00:00, execution_date=20250921T170331, start_date=20250921T170337, end_date=20250921T170337
[2025-09-21T17:03:37.965+0000] {local_task_job_runner.py:240} INFO - Task exited with return code 0
[2025-09-21T17:03:37.984+0000] {taskinstance.py:3503} INFO - 2 downstream tasks scheduled from follow-on schedule check
[2025-09-21T17:03:37.986+0000] {local_task_job_runner.py:222} INFO - ::endgroup::
