[2025-09-21T13:30:20.074+0000] {local_task_job_runner.py:120} INFO - ::group::Pre task execution logs
[2025-09-21T13:30:20.097+0000] {taskinstance.py:2076} INFO - Dependencies all met for dep_context=non-requeueable deps ti=<TaskInstance: iot_streaming_pipeline.log_pipeline_start manual__2025-09-21T13:30:16.321340+00:00 [queued]>
[2025-09-21T13:30:20.103+0000] {taskinstance.py:2076} INFO - Dependencies all met for dep_context=requeueable deps ti=<TaskInstance: iot_streaming_pipeline.log_pipeline_start manual__2025-09-21T13:30:16.321340+00:00 [queued]>
[2025-09-21T13:30:20.103+0000] {taskinstance.py:2306} INFO - Starting attempt 1 of 4
[2025-09-21T13:30:20.111+0000] {taskinstance.py:2330} INFO - Executing <Task(PythonOperator): log_pipeline_start> on 2025-09-21 13:30:16.321340+00:00
[2025-09-21T13:30:20.119+0000] {standard_task_runner.py:63} INFO - Started process 281 to run task
[2025-09-21T13:30:20.123+0000] {standard_task_runner.py:90} INFO - Running: ['***', 'tasks', 'run', 'iot_streaming_pipeline', 'log_pipeline_start', 'manual__2025-09-21T13:30:16.321340+00:00', '--job-id', '45', '--raw', '--subdir', 'DAGS_FOLDER/iot_pipeline_dag.py', '--cfg-path', '/tmp/tmp1gwmwyd3']
[2025-09-21T13:30:20.125+0000] {standard_task_runner.py:91} INFO - Job 45: Subtask log_pipeline_start
[2025-09-21T13:30:20.139+0000] {logging_mixin.py:188} WARNING - /home/***/.local/lib/python3.12/site-packages/***/settings.py:195 DeprecationWarning: The sql_alchemy_conn option in [core] has been moved to the sql_alchemy_conn option in [database] - the old setting has been used, but please update your config.
[2025-09-21T13:30:20.178+0000] {task_command.py:426} INFO - Running <TaskInstance: iot_streaming_pipeline.log_pipeline_start manual__2025-09-21T13:30:16.321340+00:00 [running]> on host b51589c8d8d9
[2025-09-21T13:30:20.250+0000] {taskinstance.py:2648} INFO - Exporting env vars: AIRFLOW_CTX_DAG_OWNER='***' AIRFLOW_CTX_DAG_ID='iot_streaming_pipeline' AIRFLOW_CTX_TASK_ID='log_pipeline_start' AIRFLOW_CTX_EXECUTION_DATE='2025-09-21T13:30:16.321340+00:00' AIRFLOW_CTX_TRY_NUMBER='1' AIRFLOW_CTX_DAG_RUN_ID='manual__2025-09-21T13:30:16.321340+00:00'
[2025-09-21T13:30:20.251+0000] {taskinstance.py:430} INFO - ::endgroup::
[2025-09-21T13:30:20.469+0000] {iot_pipeline_dag.py:99} INFO - 🚀 Starting AQI IoT Streaming Pipeline
[2025-09-21T13:30:20.470+0000] {iot_pipeline_dag.py:100} INFO - Run ID: manual__2025-09-21T13:30:16.321340+00:00
[2025-09-21T13:30:20.471+0000] {logging_mixin.py:188} WARNING - /home/***/.local/lib/python3.12/site-packages/***/utils/context.py:320 AirflowContextDeprecationWarning: Accessing 'execution_date' from the template is deprecated and will be removed in a future version. Please use 'data_interval_start' or 'logical_date' instead.
[2025-09-21T13:30:20.471+0000] {iot_pipeline_dag.py:101} INFO - Execution Date: 2025-09-21 13:30:16.321340+00:00
[2025-09-21T13:30:20.471+0000] {python.py:237} INFO - Done. Returned value was: None
[2025-09-21T13:30:20.472+0000] {taskinstance.py:441} INFO - ::group::Post task execution logs
[2025-09-21T13:30:20.479+0000] {taskinstance.py:1206} INFO - Marking task as SUCCESS. dag_id=iot_streaming_pipeline, task_id=log_pipeline_start, run_id=manual__2025-09-21T13:30:16.321340+00:00, execution_date=20250921T133016, start_date=20250921T133020, end_date=20250921T133020
[2025-09-21T13:30:20.515+0000] {local_task_job_runner.py:240} INFO - Task exited with return code 0
[2025-09-21T13:30:20.533+0000] {taskinstance.py:3503} INFO - 1 downstream tasks scheduled from follow-on schedule check
[2025-09-21T13:30:20.534+0000] {local_task_job_runner.py:222} INFO - ::endgroup::
