[2025-09-21T13:53:51.738+0000] {local_task_job_runner.py:120} INFO - ::group::Pre task execution logs
[2025-09-21T13:53:51.764+0000] {taskinstance.py:2076} INFO - Dependencies all met for dep_context=non-requeueable deps ti=<TaskInstance: iot_streaming_pipeline.check_services manual__2025-09-21T13:53:44.827826+00:00 [queued]>
[2025-09-21T13:53:51.771+0000] {taskinstance.py:2076} INFO - Dependencies all met for dep_context=requeueable deps ti=<TaskInstance: iot_streaming_pipeline.check_services manual__2025-09-21T13:53:44.827826+00:00 [queued]>
[2025-09-21T13:53:51.771+0000] {taskinstance.py:2306} INFO - Starting attempt 1 of 4
[2025-09-21T13:53:51.780+0000] {taskinstance.py:2330} INFO - Executing <Task(PythonOperator): check_services> on 2025-09-21 13:53:44.827826+00:00
[2025-09-21T13:53:51.818+0000] {standard_task_runner.py:63} INFO - Started process 123 to run task
[2025-09-21T13:53:51.822+0000] {standard_task_runner.py:90} INFO - Running: ['***', 'tasks', 'run', 'iot_streaming_pipeline', 'check_services', 'manual__2025-09-21T13:53:44.827826+00:00', '--job-id', '56', '--raw', '--subdir', 'DAGS_FOLDER/iot_pipeline_dag.py', '--cfg-path', '/tmp/tmpp_z05py6']
[2025-09-21T13:53:51.826+0000] {standard_task_runner.py:91} INFO - Job 56: Subtask check_services
[2025-09-21T13:53:51.844+0000] {logging_mixin.py:188} WARNING - /home/***/.local/lib/python3.12/site-packages/***/settings.py:195 DeprecationWarning: The sql_alchemy_conn option in [core] has been moved to the sql_alchemy_conn option in [database] - the old setting has been used, but please update your config.
[2025-09-21T13:53:51.885+0000] {task_command.py:426} INFO - Running <TaskInstance: iot_streaming_pipeline.check_services manual__2025-09-21T13:53:44.827826+00:00 [running]> on host b51589c8d8d9
[2025-09-21T13:53:51.970+0000] {taskinstance.py:2648} INFO - Exporting env vars: AIRFLOW_CTX_DAG_OWNER='***' AIRFLOW_CTX_DAG_ID='iot_streaming_pipeline' AIRFLOW_CTX_TASK_ID='check_services' AIRFLOW_CTX_EXECUTION_DATE='2025-09-21T13:53:44.827826+00:00' AIRFLOW_CTX_TRY_NUMBER='1' AIRFLOW_CTX_DAG_RUN_ID='manual__2025-09-21T13:53:44.827826+00:00'
[2025-09-21T13:53:51.971+0000] {taskinstance.py:430} INFO - ::endgroup::
[2025-09-21T13:53:52.187+0000] {iot_pipeline_dag.py:65} INFO - ✅ kafka service is running on kafka:9092
[2025-09-21T13:53:52.188+0000] {iot_pipeline_dag.py:65} INFO - ✅ main-postgres service is running on postgres:5432
[2025-09-21T13:53:52.189+0000] {iot_pipeline_dag.py:65} INFO - ✅ spark-master service is running on spark-master:7077
[2025-09-21T13:53:52.190+0000] {iot_pipeline_dag.py:65} INFO - ✅ ***-postgres service is running on ***-postgres:5432
[2025-09-21T13:53:52.190+0000] {python.py:237} INFO - Done. Returned value was: True
[2025-09-21T13:53:52.191+0000] {taskinstance.py:441} INFO - ::group::Post task execution logs
[2025-09-21T13:53:52.221+0000] {taskinstance.py:1206} INFO - Marking task as SUCCESS. dag_id=iot_streaming_pipeline, task_id=check_services, run_id=manual__2025-09-21T13:53:44.827826+00:00, execution_date=20250921T135344, start_date=20250921T135351, end_date=20250921T135352
[2025-09-21T13:53:52.252+0000] {local_task_job_runner.py:240} INFO - Task exited with return code 0
[2025-09-21T13:53:52.274+0000] {taskinstance.py:3503} INFO - 2 downstream tasks scheduled from follow-on schedule check
[2025-09-21T13:53:52.275+0000] {local_task_job_runner.py:222} INFO - ::endgroup::
