[2025-09-21T13:17:24.625+0000] {local_task_job_runner.py:120} INFO - ::group::Pre task execution logs
[2025-09-21T13:17:24.650+0000] {taskinstance.py:2076} INFO - Dependencies all met for dep_context=non-requeueable deps ti=<TaskInstance: iot_streaming_pipeline.check_services manual__2025-09-21T13:15:47+00:00 [queued]>
[2025-09-21T13:17:24.660+0000] {taskinstance.py:2076} INFO - Dependencies all met for dep_context=requeueable deps ti=<TaskInstance: iot_streaming_pipeline.check_services manual__2025-09-21T13:15:47+00:00 [queued]>
[2025-09-21T13:17:24.661+0000] {taskinstance.py:2306} INFO - Starting attempt 1 of 4
[2025-09-21T13:17:24.677+0000] {taskinstance.py:2330} INFO - Executing <Task(PythonOperator): check_services> on 2025-09-21 13:15:47+00:00
[2025-09-21T13:17:24.682+0000] {standard_task_runner.py:63} INFO - Started process 167 to run task
[2025-09-21T13:17:24.686+0000] {standard_task_runner.py:90} INFO - Running: ['***', 'tasks', 'run', 'iot_streaming_pipeline', 'check_services', 'manual__2025-09-21T13:15:47+00:00', '--job-id', '26', '--raw', '--subdir', 'DAGS_FOLDER/iot_pipeline_dag.py', '--cfg-path', '/tmp/tmpje564kb2']
[2025-09-21T13:17:24.688+0000] {standard_task_runner.py:91} INFO - Job 26: Subtask check_services
[2025-09-21T13:17:24.703+0000] {logging_mixin.py:188} WARNING - /home/***/.local/lib/python3.12/site-packages/***/settings.py:195 DeprecationWarning: The sql_alchemy_conn option in [core] has been moved to the sql_alchemy_conn option in [database] - the old setting has been used, but please update your config.
[2025-09-21T13:17:24.735+0000] {task_command.py:426} INFO - Running <TaskInstance: iot_streaming_pipeline.check_services manual__2025-09-21T13:15:47+00:00 [running]> on host 65c320335604
[2025-09-21T13:17:24.794+0000] {taskinstance.py:2648} INFO - Exporting env vars: AIRFLOW_CTX_DAG_OWNER='***' AIRFLOW_CTX_DAG_ID='iot_streaming_pipeline' AIRFLOW_CTX_TASK_ID='check_services' AIRFLOW_CTX_EXECUTION_DATE='2025-09-21T13:15:47+00:00' AIRFLOW_CTX_TRY_NUMBER='1' AIRFLOW_CTX_DAG_RUN_ID='manual__2025-09-21T13:15:47+00:00'
[2025-09-21T13:17:24.795+0000] {taskinstance.py:430} INFO - ::endgroup::
[2025-09-21T13:17:25.122+0000] {iot_pipeline_dag.py:76} INFO - ✅ kafka service is running on kafka:9092
[2025-09-21T13:17:25.123+0000] {iot_pipeline_dag.py:76} INFO - ✅ postgres service is running on postgres:5432
[2025-09-21T13:17:25.125+0000] {iot_pipeline_dag.py:76} INFO - ✅ spark-master service is running on spark-master:7077
[2025-09-21T13:17:25.125+0000] {python.py:237} INFO - Done. Returned value was: True
[2025-09-21T13:17:25.126+0000] {taskinstance.py:441} INFO - ::group::Post task execution logs
[2025-09-21T13:17:25.152+0000] {taskinstance.py:1206} INFO - Marking task as SUCCESS. dag_id=iot_streaming_pipeline, task_id=check_services, run_id=manual__2025-09-21T13:15:47+00:00, execution_date=20250921T131547, start_date=20250921T131724, end_date=20250921T131725
[2025-09-21T13:17:25.202+0000] {local_task_job_runner.py:240} INFO - Task exited with return code 0
[2025-09-21T13:17:25.239+0000] {taskinstance.py:3503} INFO - 1 downstream tasks scheduled from follow-on schedule check
[2025-09-21T13:17:25.241+0000] {local_task_job_runner.py:222} INFO - ::endgroup::
