[2025-09-21T15:03:54.822+0000] {local_task_job_runner.py:120} INFO - ::group::Pre task execution logs
[2025-09-21T15:03:54.842+0000] {taskinstance.py:2076} INFO - Dependencies all met for dep_context=non-requeueable deps ti=<TaskInstance: iot_streaming_pipeline.log_pipeline_end manual__2025-09-21T15:03:40.606600+00:00 [queued]>
[2025-09-21T15:03:54.848+0000] {taskinstance.py:2076} INFO - Dependencies all met for dep_context=requeueable deps ti=<TaskInstance: iot_streaming_pipeline.log_pipeline_end manual__2025-09-21T15:03:40.606600+00:00 [queued]>
[2025-09-21T15:03:54.848+0000] {taskinstance.py:2306} INFO - Starting attempt 1 of 4
[2025-09-21T15:03:54.856+0000] {taskinstance.py:2330} INFO - Executing <Task(PythonOperator): log_pipeline_end> on 2025-09-21 15:03:40.606600+00:00
[2025-09-21T15:03:54.860+0000] {standard_task_runner.py:63} INFO - Started process 490 to run task
[2025-09-21T15:03:54.862+0000] {standard_task_runner.py:90} INFO - Running: ['***', 'tasks', 'run', 'iot_streaming_pipeline', 'log_pipeline_end', 'manual__2025-09-21T15:03:40.606600+00:00', '--job-id', '79', '--raw', '--subdir', 'DAGS_FOLDER/iot_pipeline_dag.py', '--cfg-path', '/tmp/tmpviqogvqo']
[2025-09-21T15:03:54.864+0000] {standard_task_runner.py:91} INFO - Job 79: Subtask log_pipeline_end
[2025-09-21T15:03:54.874+0000] {logging_mixin.py:188} WARNING - /home/***/.local/lib/python3.12/site-packages/***/settings.py:195 DeprecationWarning: The sql_alchemy_conn option in [core] has been moved to the sql_alchemy_conn option in [database] - the old setting has been used, but please update your config.
[2025-09-21T15:03:54.895+0000] {task_command.py:426} INFO - Running <TaskInstance: iot_streaming_pipeline.log_pipeline_end manual__2025-09-21T15:03:40.606600+00:00 [running]> on host b51589c8d8d9
[2025-09-21T15:03:54.946+0000] {taskinstance.py:2648} INFO - Exporting env vars: AIRFLOW_CTX_DAG_OWNER='***' AIRFLOW_CTX_DAG_ID='iot_streaming_pipeline' AIRFLOW_CTX_TASK_ID='log_pipeline_end' AIRFLOW_CTX_EXECUTION_DATE='2025-09-21T15:03:40.606600+00:00' AIRFLOW_CTX_TRY_NUMBER='1' AIRFLOW_CTX_DAG_RUN_ID='manual__2025-09-21T15:03:40.606600+00:00'
[2025-09-21T15:03:54.947+0000] {taskinstance.py:430} INFO - ::endgroup::
[2025-09-21T15:03:55.041+0000] {iot_pipeline_dag.py:129} INFO - ✅ AQI IoT Streaming Pipeline completed successfully
[2025-09-21T15:03:55.042+0000] {iot_pipeline_dag.py:130} INFO - Run ID: manual__2025-09-21T15:03:40.606600+00:00
[2025-09-21T15:03:55.042+0000] {python.py:237} INFO - Done. Returned value was: None
[2025-09-21T15:03:55.042+0000] {taskinstance.py:441} INFO - ::group::Post task execution logs
[2025-09-21T15:03:55.048+0000] {taskinstance.py:1206} INFO - Marking task as SUCCESS. dag_id=iot_streaming_pipeline, task_id=log_pipeline_end, run_id=manual__2025-09-21T15:03:40.606600+00:00, execution_date=20250921T150340, start_date=20250921T150354, end_date=20250921T150355
[2025-09-21T15:03:55.086+0000] {local_task_job_runner.py:240} INFO - Task exited with return code 0
[2025-09-21T15:03:55.096+0000] {taskinstance.py:3503} INFO - 0 downstream tasks scheduled from follow-on schedule check
[2025-09-21T15:03:55.097+0000] {local_task_job_runner.py:222} INFO - ::endgroup::
