[2025-09-21T17:39:22.323+0000] {local_task_job_runner.py:120} INFO - ::group::Pre task execution logs
[2025-09-21T17:39:22.351+0000] {taskinstance.py:2076} INFO - Dependencies all met for dep_context=non-requeueable deps ti=<TaskInstance: iot_streaming_pipeline.check_services manual__2025-09-21T17:39:13.768962+00:00 [queued]>
[2025-09-21T17:39:22.358+0000] {taskinstance.py:2076} INFO - Dependencies all met for dep_context=requeueable deps ti=<TaskInstance: iot_streaming_pipeline.check_services manual__2025-09-21T17:39:13.768962+00:00 [queued]>
[2025-09-21T17:39:22.359+0000] {taskinstance.py:2306} INFO - Starting attempt 1 of 4
[2025-09-21T17:39:22.369+0000] {taskinstance.py:2330} INFO - Executing <Task(PythonOperator): check_services> on 2025-09-21 17:39:13.768962+00:00
[2025-09-21T17:39:22.373+0000] {standard_task_runner.py:63} INFO - Started process 68 to run task
[2025-09-21T17:39:22.376+0000] {standard_task_runner.py:90} INFO - Running: ['***', 'tasks', 'run', 'iot_streaming_pipeline', 'check_services', 'manual__2025-09-21T17:39:13.768962+00:00', '--job-id', '118', '--raw', '--subdir', 'DAGS_FOLDER/iot_pipeline_dag.py', '--cfg-path', '/tmp/tmpds59c8a_']
[2025-09-21T17:39:22.378+0000] {standard_task_runner.py:91} INFO - Job 118: Subtask check_services
[2025-09-21T17:39:22.391+0000] {logging_mixin.py:188} WARNING - /home/***/.local/lib/python3.12/site-packages/***/settings.py:195 DeprecationWarning: The sql_alchemy_conn option in [core] has been moved to the sql_alchemy_conn option in [database] - the old setting has been used, but please update your config.
[2025-09-21T17:39:22.424+0000] {task_command.py:426} INFO - Running <TaskInstance: iot_streaming_pipeline.check_services manual__2025-09-21T17:39:13.768962+00:00 [running]> on host 70283148277f
[2025-09-21T17:39:22.508+0000] {taskinstance.py:2648} INFO - Exporting env vars: AIRFLOW_CTX_DAG_OWNER='***' AIRFLOW_CTX_DAG_ID='iot_streaming_pipeline' AIRFLOW_CTX_TASK_ID='check_services' AIRFLOW_CTX_EXECUTION_DATE='2025-09-21T17:39:13.768962+00:00' AIRFLOW_CTX_TRY_NUMBER='1' AIRFLOW_CTX_DAG_RUN_ID='manual__2025-09-21T17:39:13.768962+00:00'
[2025-09-21T17:39:22.509+0000] {taskinstance.py:430} INFO - ::endgroup::
[2025-09-21T17:39:23.153+0000] {iot_pipeline_dag.py:65} INFO - ✅ kafka service is running on kafka:9092
[2025-09-21T17:39:23.157+0000] {iot_pipeline_dag.py:65} INFO - ✅ main-postgres service is running on postgres:5432
[2025-09-21T17:39:23.159+0000] {iot_pipeline_dag.py:65} INFO - ✅ spark-master service is running on spark-master:7077
[2025-09-21T17:39:23.162+0000] {iot_pipeline_dag.py:65} INFO - ✅ ***-postgres service is running on ***-postgres:5432
[2025-09-21T17:39:23.163+0000] {python.py:237} INFO - Done. Returned value was: True
[2025-09-21T17:39:23.164+0000] {taskinstance.py:441} INFO - ::group::Post task execution logs
[2025-09-21T17:39:23.222+0000] {taskinstance.py:1206} INFO - Marking task as SUCCESS. dag_id=iot_streaming_pipeline, task_id=check_services, run_id=manual__2025-09-21T17:39:13.768962+00:00, execution_date=20250921T173913, start_date=20250921T173922, end_date=20250921T173923
[2025-09-21T17:39:23.283+0000] {local_task_job_runner.py:240} INFO - Task exited with return code 0
[2025-09-21T17:39:23.322+0000] {taskinstance.py:3503} INFO - 2 downstream tasks scheduled from follow-on schedule check
[2025-09-21T17:39:23.324+0000] {local_task_job_runner.py:222} INFO - ::endgroup::
