[2025-09-21T17:39:18.602+0000] {local_task_job_runner.py:120} INFO - ::group::Pre task execution logs
[2025-09-21T17:39:18.632+0000] {taskinstance.py:2076} INFO - Dependencies all met for dep_context=non-requeueable deps ti=<TaskInstance: iot_streaming_pipeline.log_pipeline_start manual__2025-09-21T17:39:13.768962+00:00 [queued]>
[2025-09-21T17:39:18.640+0000] {taskinstance.py:2076} INFO - Dependencies all met for dep_context=requeueable deps ti=<TaskInstance: iot_streaming_pipeline.log_pipeline_start manual__2025-09-21T17:39:13.768962+00:00 [queued]>
[2025-09-21T17:39:18.641+0000] {taskinstance.py:2306} INFO - Starting attempt 1 of 4
[2025-09-21T17:39:18.650+0000] {taskinstance.py:2330} INFO - Executing <Task(PythonOperator): log_pipeline_start> on 2025-09-21 17:39:13.768962+00:00
[2025-09-21T17:39:18.653+0000] {standard_task_runner.py:63} INFO - Started process 56 to run task
[2025-09-21T17:39:18.656+0000] {standard_task_runner.py:90} INFO - Running: ['***', 'tasks', 'run', 'iot_streaming_pipeline', 'log_pipeline_start', 'manual__2025-09-21T17:39:13.768962+00:00', '--job-id', '117', '--raw', '--subdir', 'DAGS_FOLDER/iot_pipeline_dag.py', '--cfg-path', '/tmp/tmp77iqhjc1']
[2025-09-21T17:39:18.658+0000] {standard_task_runner.py:91} INFO - Job 117: Subtask log_pipeline_start
[2025-09-21T17:39:18.671+0000] {logging_mixin.py:188} WARNING - /home/***/.local/lib/python3.12/site-packages/***/settings.py:195 DeprecationWarning: The sql_alchemy_conn option in [core] has been moved to the sql_alchemy_conn option in [database] - the old setting has been used, but please update your config.
[2025-09-21T17:39:18.699+0000] {task_command.py:426} INFO - Running <TaskInstance: iot_streaming_pipeline.log_pipeline_start manual__2025-09-21T17:39:13.768962+00:00 [running]> on host 70283148277f
[2025-09-21T17:39:18.976+0000] {taskinstance.py:2648} INFO - Exporting env vars: AIRFLOW_CTX_DAG_OWNER='***' AIRFLOW_CTX_DAG_ID='iot_streaming_pipeline' AIRFLOW_CTX_TASK_ID='log_pipeline_start' AIRFLOW_CTX_EXECUTION_DATE='2025-09-21T17:39:13.768962+00:00' AIRFLOW_CTX_TRY_NUMBER='1' AIRFLOW_CTX_DAG_RUN_ID='manual__2025-09-21T17:39:13.768962+00:00'
[2025-09-21T17:39:18.977+0000] {taskinstance.py:430} INFO - ::endgroup::
[2025-09-21T17:39:19.017+0000] {iot_pipeline_dag.py:37} INFO - 🚀 Starting AQI IoT Streaming Pipeline
[2025-09-21T17:39:19.017+0000] {iot_pipeline_dag.py:38} INFO - Run ID: manual__2025-09-21T17:39:13.768962+00:00
[2025-09-21T17:39:19.017+0000] {python.py:237} INFO - Done. Returned value was: None
[2025-09-21T17:39:19.018+0000] {taskinstance.py:441} INFO - ::group::Post task execution logs
[2025-09-21T17:39:19.026+0000] {taskinstance.py:1206} INFO - Marking task as SUCCESS. dag_id=iot_streaming_pipeline, task_id=log_pipeline_start, run_id=manual__2025-09-21T17:39:13.768962+00:00, execution_date=20250921T173913, start_date=20250921T173918, end_date=20250921T173919
[2025-09-21T17:39:19.043+0000] {local_task_job_runner.py:240} INFO - Task exited with return code 0
[2025-09-21T17:39:19.064+0000] {taskinstance.py:3503} INFO - 1 downstream tasks scheduled from follow-on schedule check
[2025-09-21T17:39:19.066+0000] {local_task_job_runner.py:222} INFO - ::endgroup::
