[2025-09-21T16:06:20.822+0000] {local_task_job_runner.py:120} INFO - ::group::Pre task execution logs
[2025-09-21T16:06:20.840+0000] {taskinstance.py:2076} INFO - Dependencies all met for dep_context=non-requeueable deps ti=<TaskInstance: iot_streaming_pipeline.check_services manual__2025-09-21T16:06:15.149226+00:00 [queued]>
[2025-09-21T16:06:20.844+0000] {taskinstance.py:2076} INFO - Dependencies all met for dep_context=requeueable deps ti=<TaskInstance: iot_streaming_pipeline.check_services manual__2025-09-21T16:06:15.149226+00:00 [queued]>
[2025-09-21T16:06:20.844+0000] {taskinstance.py:2306} INFO - Starting attempt 1 of 4
[2025-09-21T16:06:20.851+0000] {taskinstance.py:2330} INFO - Executing <Task(PythonOperator): check_services> on 2025-09-21 16:06:15.149226+00:00
[2025-09-21T16:06:20.853+0000] {standard_task_runner.py:63} INFO - Started process 809 to run task
[2025-09-21T16:06:20.855+0000] {standard_task_runner.py:90} INFO - Running: ['***', 'tasks', 'run', 'iot_streaming_pipeline', 'check_services', 'manual__2025-09-21T16:06:15.149226+00:00', '--job-id', '96', '--raw', '--subdir', 'DAGS_FOLDER/iot_pipeline_dag.py', '--cfg-path', '/tmp/tmpon0t85vz']
[2025-09-21T16:06:20.857+0000] {standard_task_runner.py:91} INFO - Job 96: Subtask check_services
[2025-09-21T16:06:20.865+0000] {logging_mixin.py:188} WARNING - /home/***/.local/lib/python3.12/site-packages/***/settings.py:195 DeprecationWarning: The sql_alchemy_conn option in [core] has been moved to the sql_alchemy_conn option in [database] - the old setting has been used, but please update your config.
[2025-09-21T16:06:20.884+0000] {task_command.py:426} INFO - Running <TaskInstance: iot_streaming_pipeline.check_services manual__2025-09-21T16:06:15.149226+00:00 [running]> on host b51589c8d8d9
[2025-09-21T16:06:20.935+0000] {taskinstance.py:2648} INFO - Exporting env vars: AIRFLOW_CTX_DAG_OWNER='***' AIRFLOW_CTX_DAG_ID='iot_streaming_pipeline' AIRFLOW_CTX_TASK_ID='check_services' AIRFLOW_CTX_EXECUTION_DATE='2025-09-21T16:06:15.149226+00:00' AIRFLOW_CTX_TRY_NUMBER='1' AIRFLOW_CTX_DAG_RUN_ID='manual__2025-09-21T16:06:15.149226+00:00'
[2025-09-21T16:06:20.936+0000] {taskinstance.py:430} INFO - ::endgroup::
[2025-09-21T16:06:21.054+0000] {iot_pipeline_dag.py:65} INFO - ✅ kafka service is running on kafka:9092
[2025-09-21T16:06:21.055+0000] {iot_pipeline_dag.py:65} INFO - ✅ main-postgres service is running on postgres:5432
[2025-09-21T16:06:21.056+0000] {iot_pipeline_dag.py:65} INFO - ✅ spark-master service is running on spark-master:7077
[2025-09-21T16:06:21.056+0000] {iot_pipeline_dag.py:65} INFO - ✅ ***-postgres service is running on ***-postgres:5432
[2025-09-21T16:06:21.057+0000] {python.py:237} INFO - Done. Returned value was: True
[2025-09-21T16:06:21.057+0000] {taskinstance.py:441} INFO - ::group::Post task execution logs
[2025-09-21T16:06:21.072+0000] {taskinstance.py:1206} INFO - Marking task as SUCCESS. dag_id=iot_streaming_pipeline, task_id=check_services, run_id=manual__2025-09-21T16:06:15.149226+00:00, execution_date=20250921T160615, start_date=20250921T160620, end_date=20250921T160621
[2025-09-21T16:06:21.094+0000] {local_task_job_runner.py:240} INFO - Task exited with return code 0
[2025-09-21T16:06:21.111+0000] {taskinstance.py:3503} INFO - 2 downstream tasks scheduled from follow-on schedule check
[2025-09-21T16:06:21.112+0000] {local_task_job_runner.py:222} INFO - ::endgroup::
