[2025-09-21T13:10:44.746+0000] {local_task_job_runner.py:120} INFO - ::group::Pre task execution logs
[2025-09-21T13:10:44.767+0000] {taskinstance.py:2076} INFO - Dependencies all met for dep_context=non-requeueable deps ti=<TaskInstance: iot_streaming_pipeline.check_services manual__2025-09-21T13:10:38.928925+00:00 [queued]>
[2025-09-21T13:10:44.772+0000] {taskinstance.py:2076} INFO - Dependencies all met for dep_context=requeueable deps ti=<TaskInstance: iot_streaming_pipeline.check_services manual__2025-09-21T13:10:38.928925+00:00 [queued]>
[2025-09-21T13:10:44.772+0000] {taskinstance.py:2306} INFO - Starting attempt 1 of 4
[2025-09-21T13:10:44.781+0000] {taskinstance.py:2330} INFO - Executing <Task(PythonOperator): check_services> on 2025-09-21 13:10:38.928925+00:00
[2025-09-21T13:10:44.784+0000] {standard_task_runner.py:63} INFO - Started process 52 to run task
[2025-09-21T13:10:44.787+0000] {standard_task_runner.py:90} INFO - Running: ['***', 'tasks', 'run', 'iot_streaming_pipeline', 'check_services', 'manual__2025-09-21T13:10:38.928925+00:00', '--job-id', '15', '--raw', '--subdir', 'DAGS_FOLDER/iot_pipeline_dag.py', '--cfg-path', '/tmp/tmp5_mphrh3']
[2025-09-21T13:10:44.788+0000] {standard_task_runner.py:91} INFO - Job 15: Subtask check_services
[2025-09-21T13:10:44.799+0000] {logging_mixin.py:188} WARNING - /home/***/.local/lib/python3.12/site-packages/***/settings.py:195 DeprecationWarning: The sql_alchemy_conn option in [core] has been moved to the sql_alchemy_conn option in [database] - the old setting has been used, but please update your config.
[2025-09-21T13:10:44.821+0000] {task_command.py:426} INFO - Running <TaskInstance: iot_streaming_pipeline.check_services manual__2025-09-21T13:10:38.928925+00:00 [running]> on host ad09578b3bc5
[2025-09-21T13:10:44.864+0000] {taskinstance.py:2648} INFO - Exporting env vars: AIRFLOW_CTX_DAG_OWNER='***' AIRFLOW_CTX_DAG_ID='iot_streaming_pipeline' AIRFLOW_CTX_TASK_ID='check_services' AIRFLOW_CTX_EXECUTION_DATE='2025-09-21T13:10:38.928925+00:00' AIRFLOW_CTX_TRY_NUMBER='1' AIRFLOW_CTX_DAG_RUN_ID='manual__2025-09-21T13:10:38.928925+00:00'
[2025-09-21T13:10:44.865+0000] {taskinstance.py:430} INFO - ::endgroup::
[2025-09-21T13:10:44.874+0000] {iot_pipeline_dag.py:76} INFO - ✅ kafka service is running on kafka:9092
[2025-09-21T13:10:44.875+0000] {iot_pipeline_dag.py:76} INFO - ✅ postgres service is running on postgres:5432
[2025-09-21T13:10:44.876+0000] {iot_pipeline_dag.py:76} INFO - ✅ spark-master service is running on spark-master:7077
[2025-09-21T13:10:44.876+0000] {python.py:237} INFO - Done. Returned value was: True
[2025-09-21T13:10:44.877+0000] {taskinstance.py:441} INFO - ::group::Post task execution logs
[2025-09-21T13:10:44.897+0000] {taskinstance.py:1206} INFO - Marking task as SUCCESS. dag_id=iot_streaming_pipeline, task_id=check_services, run_id=manual__2025-09-21T13:10:38.928925+00:00, execution_date=20250921T131038, start_date=20250921T131044, end_date=20250921T131044
[2025-09-21T13:10:45.050+0000] {local_task_job_runner.py:240} INFO - Task exited with return code 0
[2025-09-21T13:10:45.076+0000] {taskinstance.py:3503} INFO - 1 downstream tasks scheduled from follow-on schedule check
[2025-09-21T13:10:45.077+0000] {local_task_job_runner.py:222} INFO - ::endgroup::
