[2025-09-21T15:23:01.583+0000] {local_task_job_runner.py:120} INFO - ::group::Pre task execution logs
[2025-09-21T15:23:01.608+0000] {taskinstance.py:2076} INFO - Dependencies all met for dep_context=non-requeueable deps ti=<TaskInstance: iot_streaming_pipeline.log_pipeline_end manual__2025-09-21T15:22:40.076852+00:00 [queued]>
[2025-09-21T15:23:01.615+0000] {taskinstance.py:2076} INFO - Dependencies all met for dep_context=requeueable deps ti=<TaskInstance: iot_streaming_pipeline.log_pipeline_end manual__2025-09-21T15:22:40.076852+00:00 [queued]>
[2025-09-21T15:23:01.615+0000] {taskinstance.py:2306} INFO - Starting attempt 1 of 4
[2025-09-21T15:23:01.623+0000] {taskinstance.py:2330} INFO - Executing <Task(PythonOperator): log_pipeline_end> on 2025-09-21 15:22:40.076852+00:00
[2025-09-21T15:23:01.628+0000] {standard_task_runner.py:63} INFO - Started process 586 to run task
[2025-09-21T15:23:01.631+0000] {standard_task_runner.py:90} INFO - Running: ['***', 'tasks', 'run', 'iot_streaming_pipeline', 'log_pipeline_end', 'manual__2025-09-21T15:22:40.076852+00:00', '--job-id', '84', '--raw', '--subdir', 'DAGS_FOLDER/iot_pipeline_dag.py', '--cfg-path', '/tmp/tmpjqkc0rtr']
[2025-09-21T15:23:01.633+0000] {standard_task_runner.py:91} INFO - Job 84: Subtask log_pipeline_end
[2025-09-21T15:23:01.650+0000] {logging_mixin.py:188} WARNING - /home/***/.local/lib/python3.12/site-packages/***/settings.py:195 DeprecationWarning: The sql_alchemy_conn option in [core] has been moved to the sql_alchemy_conn option in [database] - the old setting has been used, but please update your config.
[2025-09-21T15:23:01.681+0000] {task_command.py:426} INFO - Running <TaskInstance: iot_streaming_pipeline.log_pipeline_end manual__2025-09-21T15:22:40.076852+00:00 [running]> on host b51589c8d8d9
[2025-09-21T15:23:02.001+0000] {taskinstance.py:2648} INFO - Exporting env vars: AIRFLOW_CTX_DAG_OWNER='***' AIRFLOW_CTX_DAG_ID='iot_streaming_pipeline' AIRFLOW_CTX_TASK_ID='log_pipeline_end' AIRFLOW_CTX_EXECUTION_DATE='2025-09-21T15:22:40.076852+00:00' AIRFLOW_CTX_TRY_NUMBER='1' AIRFLOW_CTX_DAG_RUN_ID='manual__2025-09-21T15:22:40.076852+00:00'
[2025-09-21T15:23:02.002+0000] {taskinstance.py:430} INFO - ::endgroup::
[2025-09-21T15:23:02.012+0000] {iot_pipeline_dag.py:129} INFO - ✅ AQI IoT Streaming Pipeline completed successfully
[2025-09-21T15:23:02.012+0000] {iot_pipeline_dag.py:130} INFO - Run ID: manual__2025-09-21T15:22:40.076852+00:00
[2025-09-21T15:23:02.012+0000] {python.py:237} INFO - Done. Returned value was: None
[2025-09-21T15:23:02.013+0000] {taskinstance.py:441} INFO - ::group::Post task execution logs
[2025-09-21T15:23:02.022+0000] {taskinstance.py:1206} INFO - Marking task as SUCCESS. dag_id=iot_streaming_pipeline, task_id=log_pipeline_end, run_id=manual__2025-09-21T15:22:40.076852+00:00, execution_date=20250921T152240, start_date=20250921T152301, end_date=20250921T152302
[2025-09-21T15:23:02.064+0000] {local_task_job_runner.py:240} INFO - Task exited with return code 0
[2025-09-21T15:23:02.081+0000] {taskinstance.py:3503} INFO - 0 downstream tasks scheduled from follow-on schedule check
[2025-09-21T15:23:02.083+0000] {local_task_job_runner.py:222} INFO - ::endgroup::
